2023-05-22 23:24:25 DEBUG TelegramBot:54 - frfrfrfbbbbbbb
2023-05-22 23:25:07 DEBUG TelegramBot:54 - edd
2023-05-22 23:30:35 DEBUG TelegramBot:58 - eerfrfdwccccccccc
2023-05-22 23:36:54 DEBUG TelegramBot:60 - qaqa
2023-05-22 23:36:54 ERROR TelegramBot:76 - org.telegram.telegrambots.meta.exceptions.TelegramApiRequestException: Unable to deserialize response
2023-05-23 09:44:06 DEBUG UpdateProducerImpl:20 - TraliVali 77777777
2023-05-23 09:47:56 DEBUG UpdateProducerImpl:20 - /start
2023-05-23 09:48:15 DEBUG UpdateProducerImpl:20 - Qwqwqwqwqwqw777777777777777777
2023-05-23 09:49:24 DEBUG UpdateProducerImpl:20 - zzzzzzzzzzzzz
2023-05-23 09:49:39 ERROR UpdateController:55 - Ой-Ой Метод processUpdate получил неподдерживаемый тип сообщения Update(updateId=54021022, message=null, inlineQuery=null, chosenInlineQuery=null, callbackQuery=null, editedMessage=Message(messageId=38, from=User(id=1159259125, firstName=Alexander, isBot=false, lastName=Orekhov, userName=OrekhovAlexander, languageCode=ru, canJoinGroups=null, canReadAllGroupMessages=null, supportInlineQueries=null, isPremium=null, addedToAttachmentMenu=null), date=1684824544, chat=Chat(id=1159259125, type=private, title=null, firstName=Alexander, lastName=Orekhov, userName=OrekhovAlexander, photo=null, description=null, inviteLink=null, pinnedMessage=null, stickerSetName=null, canSetStickerSet=null, permissions=null, slowModeDelay=null, bio=null, linkedChatId=null, location=null, messageAutoDeleteTime=null, hasPrivateForwards=null, HasProtectedContent=null, joinToSendMessages=null, joinByRequest=null), forwardFrom=null, forwardFromChat=null, forwardDate=null, text=zzzzzzzzzzzzzQQQQQQQQQQQQQQQQQQQ, entities=null, captionEntities=null, audio=null, document=null, photo=null, sticker=null, video=null, contact=null, location=null, venue=null, animation=null, pinnedMessage=null, newChatMembers=[], leftChatMember=null, newChatTitle=null, newChatPhoto=null, deleteChatPhoto=null, groupchatCreated=null, replyToMessage=null, voice=null, caption=null, superGroupCreated=null, channelChatCreated=null, migrateToChatId=null, migrateFromChatId=null, editDate=1684824579, game=null, forwardFromMessageId=null, invoice=null, successfulPayment=null, videoNote=null, authorSignature=null, forwardSignature=null, mediaGroupId=null, connectedWebsite=null, passportData=null, forwardSenderName=null, poll=null, replyMarkup=null, dice=null, viaBot=null, senderChat=null, proximityAlertTriggered=null, messageAutoDeleteTimerChanged=null, isAutomaticForward=null, hasProtectedContent=null, webAppData=null, videoChatStarted=null, videoChatEnded=null, videoChatParticipantsInvited=null, videoChatScheduled=null), channelPost=null, editedChannelPost=null, shippingQuery=null, preCheckoutQuery=null, poll=null, pollAnswer=null, myChatMember=null, chatMember=null, chatJoinRequest=null)
2023-05-23 09:52:25 DEBUG UpdateProducerImpl:20 - 
2023-05-23 09:53:01 DEBUG UpdateProducerImpl:20 - 
2023-05-23 09:53:19 DEBUG UpdateProducerImpl:20 - 
2023-05-23 09:53:37 DEBUG UpdateProducerImpl:20 - 
2023-05-23 09:53:46 DEBUG UpdateProducerImpl:20 - qqqqqqqqq
2023-05-23 09:53:56 ERROR UpdateController:55 - Ой-Ой Метод processUpdate получил неподдерживаемый тип сообщения Update(updateId=54021028, message=null, inlineQuery=null, chosenInlineQuery=null, callbackQuery=null, editedMessage=Message(messageId=46, from=User(id=1159259125, firstName=Alexander, isBot=false, lastName=Orekhov, userName=OrekhovAlexander, languageCode=ru, canJoinGroups=null, canReadAllGroupMessages=null, supportInlineQueries=null, isPremium=null, addedToAttachmentMenu=null), date=1684824812, chat=Chat(id=1159259125, type=private, title=null, firstName=Alexander, lastName=Orekhov, userName=OrekhovAlexander, photo=null, description=null, inviteLink=null, pinnedMessage=null, stickerSetName=null, canSetStickerSet=null, permissions=null, slowModeDelay=null, bio=null, linkedChatId=null, location=null, messageAutoDeleteTime=null, hasPrivateForwards=null, HasProtectedContent=null, joinToSendMessages=null, joinByRequest=null), forwardFrom=null, forwardFromChat=null, forwardDate=null, text=qqqqqqqqqrrrrrrrrrrrrrrrr, entities=null, captionEntities=null, audio=null, document=null, photo=null, sticker=null, video=null, contact=null, location=null, venue=null, animation=null, pinnedMessage=null, newChatMembers=[], leftChatMember=null, newChatTitle=null, newChatPhoto=null, deleteChatPhoto=null, groupchatCreated=null, replyToMessage=null, voice=null, caption=null, superGroupCreated=null, channelChatCreated=null, migrateToChatId=null, migrateFromChatId=null, editDate=1684824836, game=null, forwardFromMessageId=null, invoice=null, successfulPayment=null, videoNote=null, authorSignature=null, forwardSignature=null, mediaGroupId=null, connectedWebsite=null, passportData=null, forwardSenderName=null, poll=null, replyMarkup=null, dice=null, viaBot=null, senderChat=null, proximityAlertTriggered=null, messageAutoDeleteTimerChanged=null, isAutomaticForward=null, hasProtectedContent=null, webAppData=null, videoChatStarted=null, videoChatEnded=null, videoChatParticipantsInvited=null, videoChatScheduled=null), channelPost=null, editedChannelPost=null, shippingQuery=null, preCheckoutQuery=null, poll=null, pollAnswer=null, myChatMember=null, chatMember=null, chatJoinRequest=null)
2023-05-23 09:57:31 DEBUG UpdateProducerImpl:20 - Привет
2023-05-23 09:59:07 DEBUG UpdateProducerImpl:20 - ццу
2023-05-23 09:59:24 DEBUG UpdateProducerImpl:20 - 
2023-05-23 09:59:47 DEBUG UpdateProducerImpl:20 - 
2023-05-23 10:01:14 DEBUG UpdateProducerImpl:20 - 
2023-05-23 16:42:23 DEBUG UpdateProducerImpl:20 - qqq
2023-05-23 16:42:27 DEBUG UpdateProducerImpl:20 - qqq
2023-05-23 16:42:48 DEBUG UpdateProducerImpl:20 - 
2023-05-23 16:46:16 DEBUG UpdateProducerImpl:20 - 
2023-05-23 16:49:00 DEBUG UpdateProducerImpl:20 - 1й1й
2023-05-23 16:49:07 ERROR UpdateController:55 - Ой-Ой Метод processUpdate получил неподдерживаемый тип сообщения Update(updateId=54021039, message=null, inlineQuery=null, chosenInlineQuery=null, callbackQuery=null, editedMessage=Message(messageId=70, from=User(id=1159259125, firstName=Alexander, isBot=false, lastName=Orekhov, userName=OrekhovAlexander, languageCode=ru, canJoinGroups=null, canReadAllGroupMessages=null, supportInlineQueries=null, isPremium=null, addedToAttachmentMenu=null), date=1684849741, chat=Chat(id=1159259125, type=private, title=null, firstName=Alexander, lastName=Orekhov, userName=OrekhovAlexander, photo=null, description=null, inviteLink=null, pinnedMessage=null, stickerSetName=null, canSetStickerSet=null, permissions=null, slowModeDelay=null, bio=null, linkedChatId=null, location=null, messageAutoDeleteTime=null, hasPrivateForwards=null, HasProtectedContent=null, joinToSendMessages=null, joinByRequest=null), forwardFrom=null, forwardFromChat=null, forwardDate=null, text=1й1й111, entities=null, captionEntities=null, audio=null, document=null, photo=null, sticker=null, video=null, contact=null, location=null, venue=null, animation=null, pinnedMessage=null, newChatMembers=[], leftChatMember=null, newChatTitle=null, newChatPhoto=null, deleteChatPhoto=null, groupchatCreated=null, replyToMessage=null, voice=null, caption=null, superGroupCreated=null, channelChatCreated=null, migrateToChatId=null, migrateFromChatId=null, editDate=1684849748, game=null, forwardFromMessageId=null, invoice=null, successfulPayment=null, videoNote=null, authorSignature=null, forwardSignature=null, mediaGroupId=null, connectedWebsite=null, passportData=null, forwardSenderName=null, poll=null, replyMarkup=null, dice=null, viaBot=null, senderChat=null, proximityAlertTriggered=null, messageAutoDeleteTimerChanged=null, isAutomaticForward=null, hasProtectedContent=null, webAppData=null, videoChatStarted=null, videoChatEnded=null, videoChatParticipantsInvited=null, videoChatScheduled=null), channelPost=null, editedChannelPost=null, shippingQuery=null, preCheckoutQuery=null, poll=null, pollAnswer=null, myChatMember=null, chatMember=null, chatJoinRequest=null)
2023-05-23 16:49:31 DEBUG UpdateProducerImpl:20 - 
2023-05-23 16:49:43 DEBUG UpdateProducerImpl:20 - 
2023-05-23 20:34:56 DEBUG UpdateProducerImpl:27 - /start
2023-05-23 20:36:15 DEBUG UpdateProducerImpl:27 - Order
2023-05-23 20:36:24 DEBUG UpdateProducerImpl:27 - Tfyf
2023-05-24 15:18:50 DEBUG UpdateProducerImpl:27 - Булочка с корицей 
Яблоки 
Вода
2023-05-25 09:33:09 DEBUG UpdateProducerImpl:27 - Qwerty77777777777
2023-05-25 09:50:06 DEBUG UpdateProducerImpl:24 - йфйф7777777777777777777
2023-05-25 09:50:46 DEBUG UpdateProducerImpl:24 - QQQQQQQQQQQQQQQQqqqqq
2023-05-25 23:00:43 DEBUG UpdateProducerImpl:24 - qaqq
2023-05-25 23:00:58 DEBUG UpdateProducerImpl:24 - aaaaaaaaaaaaaaazzzzzzzzzzzzz
2023-05-25 23:23:16 DEBUG UpdateProducerImpl:24 - jijijiji
2023-05-25 23:32:00 DEBUG UpdateProducerImpl:24 - ййф
2023-05-25 23:53:31 DEBUG UpdateProducerImpl:24 - huhu
2023-05-26 00:05:11 DEBUG UpdateProducerImpl:24 - 888888888888888
2023-05-26 14:25:46 DEBUG UpdateProducerImpl:24 - йфйф
2023-05-26 19:11:51 DEBUG UpdateProducerImpl:24 - aqaq
2023-05-26 19:53:07 DEBUG UpdateProducerImpl:24 - QAQ
2023-05-26 22:10:41 DEBUG UpdateProducerImpl:24 - /start
2023-05-26 22:10:59 DEBUG UpdateProducerImpl:24 - Йыйфй
2023-05-26 22:12:25 DEBUG UpdateProducerImpl:24 - aqaqa
2023-05-26 22:15:51 DEBUG UpdateProducerImpl:24 - Hi from chat
2023-05-26 22:19:20 DEBUG UpdateProducerImpl:24 - Hi from Chat
2023-05-28 23:57:10 DEBUG UpdateProducerImpl:24 - Trail vsly
2023-05-29 00:01:43 DEBUG UpdateProducerImpl:24 - Ducting
2023-05-29 09:19:20 DEBUG UpdateProducerImpl:24 - Каеаер
2023-05-29 21:08:23 DEBUG UpdateProducerImpl:24 - /start
2023-06-10 11:06:38 DEBUG UpdateProducerImpl:24 - hello
2023-06-10 11:06:50 DEBUG UpdateProducerImpl:24 - Hello 2
2023-06-10 11:06:53 DEBUG UpdateProducerImpl:24 - Hello 3
2023-06-10 11:12:29 DEBUG UpdateProducerImpl:24 - Hello 555
2023-06-10 11:12:35 DEBUG UpdateProducerImpl:24 - Hello 999
2023-06-10 11:23:15 DEBUG UpdateProducerImpl:24 - Hello 11111
2023-06-10 11:23:19 DEBUG UpdateProducerImpl:24 - Hello @@@@@ 22222
2023-06-10 11:29:10 DEBUG UpdateProducerImpl:24 - Hello1111
2023-06-10 11:29:12 DEBUG UpdateProducerImpl:24 - Hello 2222
2023-06-13 20:43:21 DEBUG UpdateProducerImpl:24 - Ghbdtn
2023-06-18 07:19:17 DEBUG UpdateProducerImpl:28 - Descriptive though McGrath
2023-06-18 22:43:26 DEBUG UpdateProducerImpl:28 - Привет
2023-06-19 00:17:19 DEBUG UpdateProducerImpl:28 - /start
2023-06-19 00:17:28 DEBUG UpdateProducerImpl:28 - /help
2023-06-19 00:18:04 DEBUG UpdateProducerImpl:28 - Hgff
2023-06-19 00:18:07 DEBUG UpdateProducerImpl:28 - /help
2023-06-19 00:29:25 DEBUG UpdateProducerImpl:28 - /start
2023-06-19 00:33:06 DEBUG UpdateProducerImpl:28 - /start
2023-06-19 00:38:59 DEBUG UpdateProducerImpl:28 - /start
2023-06-19 00:39:04 DEBUG UpdateProducerImpl:28 - /start
2023-06-19 00:39:08 DEBUG UpdateProducerImpl:28 - fv
2023-06-19 00:39:14 DEBUG UpdateProducerImpl:28 - /help
2023-06-19 10:42:02 DEBUG UpdateProducerImpl:28 - bh
2023-06-19 10:44:46 DEBUG UpdateProducerImpl:28 - /start
2023-06-19 10:45:02 DEBUG UpdateProducerImpl:28 - /start
2023-06-19 10:49:34 DEBUG UpdateProducerImpl:28 - hhbfghbh
2023-06-19 10:49:42 DEBUG UpdateProducerImpl:28 - /help
2023-06-19 10:49:45 DEBUG UpdateProducerImpl:28 - /help
2023-06-19 10:53:39 DEBUG UpdateProducerImpl:28 - rfrf
2023-06-19 10:53:44 DEBUG UpdateProducerImpl:28 - /help
2023-06-19 10:53:48 DEBUG UpdateProducerImpl:28 - /help
2023-06-19 10:57:18 DEBUG UpdateProducerImpl:28 - hyyh
2023-06-19 10:57:40 DEBUG UpdateProducerImpl:28 - /help
2023-06-19 11:01:07 DEBUG UpdateProducerImpl:28 - /help
2023-06-19 11:03:22 DEBUG UpdateProducerImpl:28 - /help
2023-06-19 11:13:06 DEBUG UpdateProducerImpl:28 - ed
2023-06-19 11:13:32 DEBUG UpdateProducerImpl:28 - /cancel
2023-06-19 11:16:34 DEBUG UpdateProducerImpl:28 - /cancel
2023-06-19 11:16:48 DEBUG UpdateProducerImpl:28 - /help
2023-06-19 11:17:07 DEBUG UpdateProducerImpl:28 - qqq
2023-06-19 11:19:57 DEBUG UpdateProducerImpl:28 - rgf
2023-06-19 11:20:15 DEBUG UpdateProducerImpl:28 - /help
2023-06-19 11:34:45 DEBUG UpdateProducerImpl:28 - rfrf
2023-06-19 11:34:51 DEBUG UpdateProducerImpl:28 - /start
2023-06-19 11:34:57 DEBUG UpdateProducerImpl:28 - /start
2023-06-19 12:30:30 DEBUG UpdateProducerImpl:28 - риапи
2023-06-19 12:32:03 DEBUG UpdateProducerImpl:28 - /start
2023-06-19 12:32:22 DEBUG UpdateProducerImpl:28 - /help
2023-06-19 12:32:35 DEBUG UpdateProducerImpl:28 - /registration
2023-06-19 12:32:48 DEBUG UpdateProducerImpl:28 - /help
2023-06-19 12:33:02 DEBUG UpdateProducerImpl:28 - /cancel
2023-06-19 12:33:13 DEBUG UpdateProducerImpl:28 - /help
2023-06-19 12:33:28 DEBUG UpdateProducerImpl:28 - риопи
2023-06-19 12:33:42 DEBUG UpdateProducerImpl:28 - /start
2023-06-19 21:55:20 DEBUG UpdateProducerImpl:28 - hfbhg
2023-06-19 21:55:47 DEBUG UpdateProducerImpl:28 - /start
2023-06-19 21:55:51 DEBUG UpdateProducerImpl:28 - /start
2023-06-19 22:06:38 DEBUG UpdateProducerImpl:28 - jbbghbn
2023-06-19 22:09:18 DEBUG UpdateProducerImpl:28 - /start
2023-06-19 22:10:40 DEBUG UpdateProducerImpl:28 - /help
2023-06-19 22:30:11 DEBUG UpdateProducerImpl:28 - rfrf
2023-06-19 22:30:18 DEBUG UpdateProducerImpl:28 - /start
2023-06-19 22:30:21 DEBUG UpdateProducerImpl:28 - /start
2023-06-19 22:33:14 DEBUG UpdateProducerImpl:28 - ghh
2023-06-19 22:33:25 DEBUG UpdateProducerImpl:28 - /help
2023-06-19 22:33:28 DEBUG UpdateProducerImpl:28 - /help
2023-06-19 22:33:31 DEBUG UpdateProducerImpl:28 - /help
2023-06-19 22:33:33 DEBUG UpdateProducerImpl:28 - /start
2023-06-19 22:38:52 DEBUG UpdateProducerImpl:28 - fhbfgjb
2023-06-19 22:38:58 DEBUG UpdateProducerImpl:28 - /help
2023-06-19 22:39:00 DEBUG UpdateProducerImpl:28 - /cancel
2023-06-19 22:39:03 DEBUG UpdateProducerImpl:28 - /registration
2023-06-19 22:39:06 DEBUG UpdateProducerImpl:28 - /start
2023-06-19 22:39:08 DEBUG UpdateProducerImpl:28 - /help
2023-06-19 22:44:09 DEBUG UpdateProducerImpl:28 - 
2023-06-19 23:00:18 DEBUG UpdateProducerImpl:28 - 
2023-06-19 23:00:44 DEBUG UpdateProducerImpl:28 - 
2023-06-19 23:48:50 DEBUG UpdateProducerImpl:28 - fhbfhv
2023-06-19 23:48:52 DEBUG UpdateProducerImpl:28 - /help
2023-06-19 23:48:55 DEBUG UpdateProducerImpl:28 - /cancel
2023-06-19 23:48:57 DEBUG UpdateProducerImpl:28 - /registration
2023-06-19 23:49:04 DEBUG UpdateProducerImpl:28 - /start
2023-06-19 23:49:06 DEBUG UpdateProducerImpl:28 - /start
2023-06-19 23:49:09 DEBUG UpdateProducerImpl:28 - /help
2023-06-19 23:49:23 DEBUG UpdateProducerImpl:28 - 
2023-06-19 23:49:52 DEBUG UpdateProducerImpl:28 - 
2023-06-19 23:50:04 DEBUG UpdateProducerImpl:28 - 
2023-06-19 23:50:17 DEBUG UpdateProducerImpl:28 - 
2023-06-19 23:50:38 DEBUG UpdateProducerImpl:28 - 
2023-06-20 20:00:46 DEBUG UpdateProducerImpl:28 - ghbdtn
2023-06-20 20:00:58 DEBUG UpdateProducerImpl:28 - /help
2023-06-20 20:01:00 DEBUG UpdateProducerImpl:28 - /cancel
2023-06-20 20:01:02 DEBUG UpdateProducerImpl:28 - /registration
2023-06-20 20:01:08 DEBUG UpdateProducerImpl:28 - /start
2023-06-20 20:01:11 DEBUG UpdateProducerImpl:28 - /help
2023-06-20 20:01:13 DEBUG UpdateProducerImpl:28 - /start
2023-06-20 20:01:35 DEBUG UpdateProducerImpl:28 - 
2023-06-20 20:02:53 DEBUG UpdateProducerImpl:28 - 
2023-06-20 20:03:27 DEBUG UpdateProducerImpl:28 - 
2023-06-20 20:04:18 DEBUG UpdateProducerImpl:28 - 
2023-06-23 11:57:47 DEBUG UpdateProducerImpl:28 - привет
2023-06-23 11:57:58 DEBUG UpdateProducerImpl:28 - /help
2023-06-23 11:58:03 DEBUG UpdateProducerImpl:28 - /cancel
2023-06-23 11:58:05 DEBUG UpdateProducerImpl:28 - /registration
2023-06-23 11:58:15 DEBUG UpdateProducerImpl:28 - /start
2023-06-23 11:58:17 DEBUG UpdateProducerImpl:28 - /start
2023-06-23 11:58:47 DEBUG UpdateProducerImpl:28 - 
2023-06-23 11:59:03 DEBUG UpdateProducerImpl:28 - 
2023-06-24 05:25:06 DEBUG UpdateProducerImpl:28 - /start
2023-06-24 05:25:17 DEBUG UpdateProducerImpl:28 - /help
2023-06-24 05:25:19 DEBUG UpdateProducerImpl:28 - /cancel
2023-06-24 05:25:20 DEBUG UpdateProducerImpl:28 - /registration
2023-06-24 05:26:15 DEBUG UpdateProducerImpl:28 - 
2023-06-24 05:27:36 DEBUG UpdateProducerImpl:28 - 
2023-06-24 05:28:27 DEBUG UpdateProducerImpl:28 - 
